running egg_info
creating ../../build/zeus/zeus.egg-info
writing ../../build/zeus/zeus.egg-info/PKG-INFO
writing dependency_links to ../../build/zeus/zeus.egg-info/dependency_links.txt
writing entry points to ../../build/zeus/zeus.egg-info/entry_points.txt
writing requirements to ../../build/zeus/zeus.egg-info/requires.txt
writing top-level names to ../../build/zeus/zeus.egg-info/top_level.txt
writing manifest file '../../build/zeus/zeus.egg-info/SOURCES.txt'
reading manifest file '../../build/zeus/zeus.egg-info/SOURCES.txt'
adding license file 'LICENSE'
writing manifest file '../../build/zeus/zeus.egg-info/SOURCES.txt'
running build
running install
running install_data
creating /home/sebastian/ros2_workspace/install/zeus/share/ament_index/resource_index/packages
copying resource/zeus -> /home/sebastian/ros2_workspace/install/zeus/share/ament_index/resource_index/packages
copying package.xml -> /home/sebastian/ros2_workspace/install/zeus/share/zeus
creating /home/sebastian/ros2_workspace/install/zeus/share/zeus/launch
copying launch/turtle_teleop_control.launch.py -> /home/sebastian/ros2_workspace/install/zeus/share/zeus/launch
running install_egg_info
Copying ../../build/zeus/zeus.egg-info to /home/sebastian/ros2_workspace/install/zeus/lib/python3.10/site-packages/zeus-0.0.0-py3.10.egg-info
running install_scripts
Installing __init__ script to /home/sebastian/ros2_workspace/install/zeus/lib/zeus
Installing turtle_teleop_joy script to /home/sebastian/ros2_workspace/install/zeus/lib/zeus
writing list of installed files to '/home/sebastian/ros2_workspace/build/zeus/install.log'
