[1.898s] Invoking command in '/home/sebastian/ros2_workspace/src/zeus': PYTHONPATH=/home/sebastian/ros2_workspace/build/zeus/prefix_override:/usr/lib/python3/dist-packages/colcon_core/task/python/colcon_distutils_commands:/home/sebastian/ros2_workspace/install/zeus/lib/python3.10/site-packages:${PYTHONPATH} /usr/bin/python3 -W ignore:setup.py install is deprecated -W ignore:easy_install command is deprecated setup.py egg_info --egg-base ../../build/zeus build --build-base /home/sebastian/ros2_workspace/build/zeus/build install --record /home/sebastian/ros2_workspace/build/zeus/install.log --single-version-externally-managed install_data
[2.485s] running egg_info
[2.520s] creating ../../build/zeus/zeus.egg-info
[2.522s] writing ../../build/zeus/zeus.egg-info/PKG-INFO
[2.525s] writing dependency_links to ../../build/zeus/zeus.egg-info/dependency_links.txt
[2.525s] writing entry points to ../../build/zeus/zeus.egg-info/entry_points.txt
[2.525s] writing requirements to ../../build/zeus/zeus.egg-info/requires.txt
[2.525s] writing top-level names to ../../build/zeus/zeus.egg-info/top_level.txt
[2.525s] writing manifest file '../../build/zeus/zeus.egg-info/SOURCES.txt'
[2.564s] reading manifest file '../../build/zeus/zeus.egg-info/SOURCES.txt'
[2.565s] adding license file 'LICENSE'
[2.567s] writing manifest file '../../build/zeus/zeus.egg-info/SOURCES.txt'
[2.567s] running build
[2.567s] running install
[2.578s] running install_data
[2.578s] creating /home/sebastian/ros2_workspace/install/zeus/share/ament_index/resource_index/packages
[2.579s] copying resource/zeus -> /home/sebastian/ros2_workspace/install/zeus/share/ament_index/resource_index/packages
[2.579s] copying package.xml -> /home/sebastian/ros2_workspace/install/zeus/share/zeus
[2.580s] creating /home/sebastian/ros2_workspace/install/zeus/share/zeus/launch
[2.580s] copying launch/turtle_teleop_control.launch.py -> /home/sebastian/ros2_workspace/install/zeus/share/zeus/launch
[2.581s] running install_egg_info
[2.657s] Copying ../../build/zeus/zeus.egg-info to /home/sebastian/ros2_workspace/install/zeus/lib/python3.10/site-packages/zeus-0.0.0-py3.10.egg-info
[2.659s] running install_scripts
[2.961s] Installing __init__ script to /home/sebastian/ros2_workspace/install/zeus/lib/zeus
[2.962s] Installing turtle_teleop_joy script to /home/sebastian/ros2_workspace/install/zeus/lib/zeus
[2.962s] writing list of installed files to '/home/sebastian/ros2_workspace/build/zeus/install.log'
[3.043s] Invoked command in '/home/sebastian/ros2_workspace/src/zeus' returned '0': PYTHONPATH=/home/sebastian/ros2_workspace/build/zeus/prefix_override:/usr/lib/python3/dist-packages/colcon_core/task/python/colcon_distutils_commands:/home/sebastian/ros2_workspace/install/zeus/lib/python3.10/site-packages:${PYTHONPATH} /usr/bin/python3 -W ignore:setup.py install is deprecated -W ignore:easy_install command is deprecated setup.py egg_info --egg-base ../../build/zeus build --build-base /home/sebastian/ros2_workspace/build/zeus/build install --record /home/sebastian/ros2_workspace/build/zeus/install.log --single-version-externally-managed install_data
